<?xml version="1.0" encoding="UTF-8"?>
<!-- Generated by org.testng.reporters.JUnitReportReporter -->
<testsuite hostname="DESKTOP-UEHVQOH" failures="0" tests="1" name="com.linkedIn.tests.SearchTest" time="9.216" errors="0" timestamp="2024-01-01T17:26:32 IST" skipped="0">
  <testcase classname="com.linkedIn.tests.SearchTest" name="testSearch" time="9.216"/>
</testsuite> <!-- com.linkedIn.tests.SearchTest -->
